286.35714285714283,100.0
169.88910891089108,163.53561131442459
365.45854145854145,259.6949733546306
324.0356788899901,280.45380867505975
299.8970297029703,285.1978201598282
222.69306930693068,272.93428646070697
281.72673267326735,274.3770425721603
272.8079207920792,274.1557430773758
314.5788423153693,279.15521999511657
307.27777777777777,282.2527818068774
276.5827552031715,281.68975961765034
268.42757242757244,280.4907082795169
356.7841584158416,286.8229838392803
275.4980392156863,285.95409654879404
317.05894105894106,288.17319528700943
233.9920634920635,284.5604603679702
247.36063936063937,282.23180447580575
402.8356435643564,289.3473585512953
406.45754245754244,295.8822895879928
423.5718533201189,302.64243292359777
313.5264735264735,303.19066507404835
313.75222993062437,303.6980998155608
301.2267732267732,303.5845821328825
264.380574826561,301.85929046831467
205.08514851485148,297.7710947083971
264.94350842418237,296.43749108171403
345.75824175824175,298.3674561870032
347.30297029702973,300.2147684780346
294.4792079207921,300.00559510337337
248.67294350842417,298.19460952535104
275.78443113772454,297.428843037936
255.8821218074656,296.05219544907146
297.12687312687314,296.0867634196099
246.75520317145688,294.544789589008
213.76223776223776,292.0886799495073
220.02797202797203,289.9556099369552
219.06349206349208,287.9107758095235
244.62737262737264,286.6932092514639
206.64420218037662,284.4954602737266
232.8951048951049,283.1117387396584
284.43564356435644,283.1464391263186
260.7450980392157,282.57215537886935
247.57605495583906,281.69408913194883
252.82717282717283,280.9847874841913
227.42857142857142,279.6952923140228
260.57142857142856,279.24384165805344
221.33861386138614,277.9028912502206
218.06732673267328,276.54288574199876
205.56243756243757,274.9586364812565
216.92765113974232,273.686138652797
194.62937062937064,271.982217627817
238.1645193260654,271.2654781680962
216.95504495504497,270.1330935394898
216.4955044955045,269.0324331823834
223.92857142857142,268.12116781377983
225.3990099009901,267.2710108258838
274.95445544554457,267.42166419050835
253.84851485148513,267.15934070158545
255.2,266.93143817353325
270.8910891089109,267.0058652537896
221.96203796203795,266.1704858838194
260.3131813676908,266.0632701685748
257.4945054945055,265.9084153804776
256.808721506442,265.74600695329445
283.69912280701755,266.0625426556145
336.1918081918082,267.28435723681946
290.70366699702674,267.6876512546169
310.7932067932068,268.42155273468256
342.2257742257742,269.664218855746
330.47124304267163,270.67697419103445
336.1918081918082,271.756601286264
300.1942517343905,272.2203835254077
300.95351137487637,272.68424653399586
344.93557978196236,273.8391259299121
317.05894105894106,274.52327782955246
292.0594648166502,274.7982420102983
270.1333333333333,274.7257741405618
275.51683168316833,274.7379516811881
286.993006993007,274.9249344102257
190.37462834489594,273.646084711553
265.4732673267327,273.5235171520226
276.8712871287129,273.5733066889603
485.72227772227774,276.70283948651684
506.9735849056604,280.07267677457037
379.9240759240759,281.52254846852435
361.56349206349205,282.67590815558225
344.5940594059406,283.5614679456653
379.12487512487513,284.91824160518166
351.7145688800793,285.8598084402614
295.8336633663366,285.99941626686007
267.0921704658077,285.7365789755362
293.02597402597405,285.8372314752353
249.2947052947053,285.3359669732537
234.78571428571428,284.64701876977074
227.42857142857142,283.8721068018066
249.46679881070366,283.4090314182003
231.52847152847153,282.7149723147131
236.23762376237624,282.0968803935162
276.3089108910891,282.0203540371061
282.09390609390607,282.02132098858624
282.56888007928643,282.0284794015021
340.2917082917083,282.7860199941603
273.8941058941059,282.6710244917565
188.69155206286837,281.4619852318411
241.33201189296332,280.94836205644475
215.70722057368943,280.1175339908474
244.0436075322101,279.66040218777687
226.06193806193806,278.9844711833274
234.55302279484638,278.4267910815912
228.7952047952048,277.8067232051785
223.1921568627451,277.127493269924
261.66897918731416,276.93609266244016
235.77075098814228,276.42861881461124
255.14285714285714,276.167333004753
213.2118811881188,275.39777357274653
189.96203796203795,274.35769226831417
179.52824578790882,273.20788302900445
212.64950495049504,272.47649666684947
194.62937062937064,271.53992781721087
206.74386653581942,270.76331603632775
167.16039603960397,269.52617662513586
176.07920792079207,268.4143540300861
176.25098039215686,267.32169677352397
174.72475247524753,266.2277187824846
138.15445544554456,264.71976812942347
104.85544554455446,262.8437946722988
155.7962037962038,261.59172739494346
124.73339940535183,259.9961195057966
98.08316831683169,258.1143402665104
92.1029702970297,256.19087457042946
80.47058823529412,254.1610669908818
62.42330097087379,251.95279142971904
55.78252427184466,249.7000198136127
40.1822695035461,247.3008090473931
60.35294117647059,245.1660129606482
8.551781621171077,242.47144433818823
32.4,240.08554771381586
4.9875,237.42241341273206
41.576470588235296,235.20962021768435
3.2187134502923977,232.5950415702625
38.93228655544652,230.41781714029318
2.467289719626168,227.86131922083985
13.805501743510268,225.46634635036293
11.475977946967708,223.07767138463268
19.824361200694618,220.81401834693807
98.97324083250743,219.46009516234352
73.6,217.84281106617658
82.78811881188119,216.3485485514591
74.42136498516321,214.78154936984555
71.79008746355684,213.20605288334073
1.6689655172413793,210.8800201501072
76.53146853146853,209.40566631733986
84.05946481665015,208.03277405414477
44.723076923076924,206.24747666941676
115.75384615384615,205.26004658154264
43.46524064171123,203.49783207065627
104.29306930693069,202.41926202312203
113.66172106824926,201.45596948768966
89.94700686947988,200.24783587878312
67.72277227722772,198.8144262346238
65.57623762376238,197.375685012287
128.67326732673268,196.6350198471246
116.48316831683168,195.77229288645728
114.62511457378552,194.9002118413392
130.02772277227723,194.20409678640735
116.71428571428571,193.37383458404614
130.02772277227723,192.6961092420306
156.32475247524752,192.30753947996726
94.20359281437126,191.2609313510906
84.14285714285714,190.11973428526684
10.886378737541529,188.2128300190913
170.41182266009852,188.02369216339244
96.16633663366336,187.0489649847396
71.06493506493507,185.81978978288805
87.26202158979392,184.77659863520088
66.95922330097088,183.5310790136351
80.47058823529412,182.442870347247
79.68932038834951,181.35917829238264
71.15210991167811,180.19821706577363
43.68862275449102,178.76179991350165
49.237354085603116,177.40039277983385
59.5960396039604,176.16351715942983
31.714851485148515,174.64850546590574
59.5960396039604,173.44306628108916
43.40769230769231,172.0820391300694
50.565434565434565,170.8114486099027
39.4995187680462,169.43978535849632
33.23495145631068,168.01838103746715
31.844660194174757,166.5986420973339
34.53203883495146,165.22299701183192
32.50693069306931,163.84183997786184
22.361538461538462,162.37078296196506
22.600583090379008,160.91877253561856
22.667935299714557,159.48377208933252
47.8600583090379,158.32612229206444
31.12166172106825,157.00796649964298
31.183349851337958,155.7051575082049
28.6993006993007,154.39115398535478
31.017821782178217,153.1157184641824
28.023300970873787,151.82349007053992
23.01308411214953,150.49384159615073
20.86558627264061,149.15672416491591
17.554537121906506,147.8002134588744
19.89818181818182,146.48276406295292
0.10244121611502172,144.9760126911032
127.88118811881188,144.8001669583257
496.65534465534466,148.4171394065907
593.6863136863137,152.99142859486412
518.483300589391,156.74378424993512
580.8063872255489,161.09476310023743
541.7542457542457,164.9980431332014
568.4126984126984,169.13219109122065
657.2614770459082,174.13156501474867
30.554304837237602,172.66190170477032
389.35361216730035,174.87872382272107
596.4195804195804,179.18884425333826
583.5369261477045,183.32094623848815
563.3034825870647,187.202001541973
586.8531468531469,191.28183419654331
508.13492063492066,194.5147826318204
413.26211671612265,196.7456179877566
406.93333333333334,198.88811523831475
422.05794205794206,201.1618552720419
473.26732673267327,203.93287173945936
443.65348399246705,206.37297238879495
687.1658391261171,211.26472920049417
627.0544015825915,215.49325410930297
614.7532467532468,219.5519184673292
683.8841158841159,224.27007136431658
534.1218781218781,227.41721640675325
605.986013986014,231.26074954840374
587.0126829268293,234.87118575442156
656.5514485514485,239.14903727633796
622.0812685827552,243.03230870463594
633.0930693069307,246.98638258647526
566.7260138476755,250.22641169397045
673.7267326732673,254.5163325617429
654.3856143856144,258.5654444954286
643.3129770992366,262.4600801135982
635.897233201581,266.2389396128638
565.1637764932563,269.2627905723346
610.085914085914,272.70934753538603
581.8264150943396,275.8342770956315
400.61923454367025,277.095358371289
605.986013986014,280.41811606684325
577.9202965708989,283.42285147336105
622.3856143856144,286.8453211658975
584.1774349083896,289.8465804785337
640.1518481518482,293.381544078548
567.2531280076997,296.14443838527626
510.34291377601585,298.30474347426366
611.4525474525475,301.4621597800283
551.8881118881119,303.986499936015
621.018981018981,307.18142460838214
535.0850661625709,309.47756617732927
577.2867132867133,312.17509133223416
573.2777777777778,314.80442838877167
547.7882117882118,317.1500476710821
618.063492063492,320.1788600430562
521.7398058252427,322.20718771816496
590.953046953047,324.9109992853644
580.01998001998,327.4770499187025
514.989010989011,329.3627610651218
601.2854291417166,332.096771517333
564.3239024390244,334.4311866523522
638.7852147852147,337.4900236762313
545.7185185185185,339.5823592268748
590.953046953047,342.10770821090256
547.2207792207793,344.1679461149424
495.6186693147964,345.68889385599306
567.7202797202797,347.9182416197858
648.3516483516484,350.9342584322271
452.2692307692308,351.9513698187767
627.8531468531469,354.7201520567968
536.0622568093386,356.5396835482682
598.4667988107037,358.96670461607295
611.4555444555444,361.49927010896505
539.5694305694306,363.2851018734235
343.93948412698415,363.09111861100547
496.65534465534466,364.43019518776714
485.72227772227774,365.6460525633072
523.063492063492,367.2238063562364
490.0831683168317,368.45501630354227
503.4885114885115,369.8080358738758
611.4495504495504,372.22892021570675
520.6624141315015,373.71579882995405
600.5194805194806,375.98742039817324
567.2181647940075,377.90250083764454
577.2897102897103,379.8990092379743
597.0383858267717,382.07300189673464
523.5094715852442,383.48888568951145
554.0539460539461,385.19616291325445
597.25,387.3184733766477
539.5089820359282,388.84147430369666
544.4875124875125,390.398879009636
541.7542457542457,391.913182849559
473.99000999001,392.73426857102214
588.0159045725646,394.68763186469886
503.4885114885115,395.7758316070284
527.2887112887113,397.0910564187547
552.372646184341,398.64382969956915
518.5214785214786,399.8424552631661
490.8266166822868,400.75209453404506
566.3536463536464,402.40758514604516
575.92007992008,404.1419992766435
417.39060939060937,404.2744190666872
480.9920634920635,405.04114321677906
512.2557442557443,406.1125635672928
586.2675916749257,407.9127404071359
531.0197628458498,409.1427688968836
581.4206349206349,410.86394817812186
524.2176063303659,411.99634112618673
560.0879120879121,413.4756458333385
580.4338308457711,415.1432822737302
555.6769690927218,416.5468750687166
491.75624375624375,417.29797948423345
619.6523476523477,419.3187140817227
545.4291115311909,420.57797735295196
651.0849150849151,422.8795209551415
603.2175648702595,424.68001930078606
664.1679920477137,427.07091062842863
594.2537462537463,428.7398445894378
673.6447105788424,431.18449511168114
586.0539460539461,432.73031036114327
666.8183632734531,435.0666936067813
530.7980295566502,436.02210957022334
640.1518481518482,438.059239440637
539.9126984126984,439.0756350894036
653.8181818181819,441.218427970207
504.8534322820037,441.8533695197339
537.6543456543457,442.80920613194917
610.085914085914,444.47808852258976
508.15584415584414,445.11335363285707
561.063492063492,446.27004096534995
530.1455445544555,447.10671780476696
510.3306693306693,447.73735935132476
490.38961038961037,448.16278303567435
504.5640516385303,448.7253157263366
515.7882117882118,449.394153504217
513.054945054945,450.0290318684289
498.70366699702674,450.51443390627406
566.3536463536464,451.6695756349469
508.95504495504497,452.2407981516003
445.90424570912376,452.177615853886
535.0425321463897,453.0038344827711
484.35564435564436,453.31642022631166
456.1110009910803,453.3442818119959
496.65534465534466,453.7760702054237
455.65634365634367,453.794814816455
494.2601787487587,454.1982023721385
546.4118226600986,455.1174194180751
549.9403578528827,456.06261280580577
468.5224775224775,456.1868081091703
542.8632309217047,457.05073642925765
301.56888007928643,455.5010578380973
476.15584415584414,455.70691600476846
418.75724275724275,455.33866515106905
475.0921704658077,455.5355278257269
522.6213786213787,456.2040817826778
415.4370664023786,455.7978246083083
401.8790882061447,455.2605223173261
257.4945054945055,453.28983476517385
413.2907092907093,452.891265341782
460.63492063492066,452.9684244358183
519.3188118811881,453.6295324792894
487.8572844400396,453.9705647404352
400.2274509803922,453.43510322925954
391.39809523809527,452.8170229955342
616.9190809190809,454.4519442561039
541.5262636273538,455.3194291625607
455.65940594059407,455.32281612464146
398.9423984891407,454.76114923323246
396.09606147934676,454.1767361577553
383.83396226415095,453.4760080179372
390.85714285714283,452.85223680282473
236.70634920634922,450.6991706197324
332.65934065934067,449.52338150171187
393.35445544554455,448.9638975561312
306.6933066933067,447.5468074155784
237.7942057942058,445.45760407501314
241.1001964636542,443.4221798821013
274.6933066933067,441.7416535565978
235.34920634920636,439.68604104753143
201.35841584158416,437.3124082082825
158.1898101898102,434.5325283661751
187.22877122877122,432.0695887172554
218.84638255698712,429.946101195896
237.7942057942058,428.0324963623562
156.2865554465162,425.326276067557
282.09390609390607,423.8999004649571
350.14285714285717,423.16540518122576
190.18613861386137,420.84536387207237
254.0392156862745,419.1843105683151
259.6603396603397,417.59579792558986
203.93260654112984,415.46820872101915
271.96003996004,414.0392220936468
235.6796875,412.2632281660414
273.6206554121152,410.8827311072224
377.2857142857143,410.54820235662396
276.6273726273726,409.2147581781219
260.2277722277722,407.7313210706941
226.63990461049283,405.92824984568125
290.75024485798235,404.78147305177305
289.06138613861384,403.6293137376355
274.43409316154606,402.34300629822053
266.4935064935065,400.9904634415749
254.76123876123876,399.53459567013545
301.57170923379175,398.55928226152156
340.2917082917083,397.979180042212
323.2428146679881,397.23512573967923
301.2267732267732,396.2793041353049
342.2257742257742,395.74117420542257
328.9920634920635,395.07666052423343
358.2674650698603,394.71021433022787
346.07142857142856,394.22600611619595
306.6933066933067,393.3546104895467
328.34059405940593,392.7073966975286
347.6471754212091,392.25882704924516
303.96003996004,391.37983047372234
371.72427572427574,391.1841652187493
392.77777777777777,391.2000290175654
412.7185185185185,391.4142353735067
401.7902097902098,391.5175223727615
311.0406342913776,390.7164270145332
314.7960396039604,389.9606950302206
393.35445544554455,389.9944771568949
405.09090909090907,390.14474865269085
329.6940594059406,389.54302080283503
332.65934065934067,388.9768034582504
350.7757459095284,388.59655491123954
403.15684315684314,388.7414851172772
330.3492063492063,388.1602642678435
404.686626746507,388.3247620025472
441.63492063492066,388.8553892791024
370.9250749250749,388.6769195729742
365.45854145854145,388.4458165893682
344.573673870334,388.0091402661275
469.32267732267735,388.8184799490696
493.1657559198543,389.85707521095196
512.5429141716567,391.07819129449615
644.2517482517483,393.59806169240477
498.5894105894106,394.6430484247979
549.3942403177756,396.18328954893195
427.89620758483034,396.498926920945
428.06349206349205,396.81308597117
422.1153081510934,397.0649151383691
469.2828685258964,397.7836855450749
416.380198019802,397.9687718182776
470.6893106893107,398.6925367436099
450.07122232916265,399.20389022611784
570.4535464535464,400.9082676179244
533.3914767096135,402.22681204253877
508.0038498556304,403.2795571732665
480.2557442557443,404.045658456921
502.1218781218781,405.0217521521588
373.7703631010795,404.71072725864303
571.8201798201799,406.37385234582024
