286.35714285714283,0.0
169.88910891089108,0.0
365.45854145854145,0.0
324.0356788899901,0.0
299.8970297029703,0.0
222.69306930693068,0.0
281.72673267326735,0.0
272.8079207920792,0.0
314.5788423153693,0.0
307.27777777777777,284.47218446849604
276.5827552031715,283.4947457030989
268.42757242757244,293.348592054767
356.7841584158416,292.481153750497
275.4980392156863,287.62738978306663
317.05894105894106,289.3435809186637
233.9920634920635,290.47348033717697
247.36063936063937,287.0368710059142
402.8356435643564,300.0396432831419
406.45754245754244,309.2275132973592
423.5718533201189,320.8569208515934
313.5264735264735,324.5512926839236
313.75222993062437,329.0837584342288
301.2267732267732,323.5280199153219
264.380574826561,322.4162734764094
205.08514851485148,311.2188942220004
264.94350842418237,314.3140387152123
345.75824175824175,324.15379895497256
347.30297029702973,318.6005316282399
294.4792079207921,307.4026981745648
248.67294350842417,289.9128071933954
275.78443113772454,286.1386029545205
255.8821218074656,280.35159214220454
297.12687312687314,279.9416021322146
246.75520317145688,278.1790649667042
213.76223776223776,279.0467738914428
220.02797202797203,274.55522025182177
219.06349206349208,261.8857452823468
244.62737262737264,251.61818551538107
206.64420218037662,242.8346849413396
232.8951048951049,241.25690108000762
284.43564356435644,242.12202232267077
260.7450980392157,242.60831994584578
247.57605495583906,237.6532381287424
252.82717282717283,238.260435094314
227.42857142857142,239.62706846094738
260.57142857142856,243.68141411529305
221.33861386138614,243.90892629508238
218.06732673267328,241.25292170561247
205.56243756243757,241.1447452438186
216.92765113974232,239.54799986828235
194.62937062937064,230.56737257478372
238.1645193260654,228.30931470346871
216.95504495504497,225.2472137033893
216.4955044955045,221.61404687022247
223.92857142857142,221.26404687022244
225.3990099009901,217.74680500317862
274.95445544554457,223.10838916159446
253.84851485148513,226.68650797347567
255.2,231.65026421723186
270.8910891089109,237.04660801414875
221.96203796203795,239.77987474741548
260.3131813676908,241.99474095157802
257.4945054945055,246.0486870055241
256.808721506442,250.08000870661786
283.69912280701755,256.05706384446245
336.1918081918082,267.1363436735443
290.70366699702674,268.7112648286925
310.7932067932068,274.40573402286464
342.2257742257742,283.1083114454421
330.47124304267163,289.06632683881816
336.1918081918082,300.4893038617952
300.1942517343905,304.47741089846517
300.95351137487637,308.8233114865022
344.93557978196236,317.6359973140543
317.05894105894106,320.9719791392466
292.0594648166502,316.5587448017308
270.1333333333333,314.50171143536147
275.51683168316833,310.9740739243576
286.993006993007,305.4507972010809
190.37462834489594,291.4411357313033
265.4732673267327,284.3692816447957
276.8712871287129,282.036985184228
485.72227772227774,300.51386181896817
506.9735849056604,316.717662331338
379.9240759240759,323.00417581785143
361.56349206349205,329.9545785425356
344.5940594059406,337.4006511497964
379.12487512487513,347.761455493967
351.7145688800793,354.2336116826742
295.8336633663366,364.7795151848183
267.0921704658077,364.9414054987258
293.02597402597405,366.5568741884519
249.2947052947053,342.9141169456947
234.78571428571428,315.6953298837001
227.42857142857142,300.44577943414964
249.46679881070366,289.2361101088708
231.52847152847153,277.9295513211239
236.23762376237624,263.640826184874
276.3089108910891,256.100260385975
282.09390609390607,254.72628465873194
282.56888007928643,256.27395562007985
340.2917082917083,261.00052904665324
273.8941058941059,263.4604691065933
188.69155206286837,258.8510528843087
241.33201189296332,260.24139693074784
215.70722057368943,256.8654391070465
244.0436075322101,258.11695270742035
226.06193806193806,257.0993841373765
234.55302279484638,252.92379532775232
228.7952047952048,247.59392519788213
223.1921568627451,241.65625287622797
261.66897918731416,233.79397996578854
235.77075098814228,229.98164447519224
255.14285714285714,236.62677498319113
213.2118811881188,233.81476191270662
189.96203796203795,231.24024365154145
179.52824578790882,224.78870747711136
212.64950495049504,223.44746416596703
194.62937062937064,219.45509894941947
206.74386653581942,217.24996512348093
167.16039603960397,211.64678904116687
176.07920792079207,203.0878119145146
176.25098039215686,197.13583485491606
174.72475247524753,189.0940243881551
138.15445544554456,181.58828181389768
104.85544554455446,173.07762257214932
155.7962037962038,170.70441837297884
124.73339940535183,161.9128078184645
98.08316831683169,152.25818758721059
92.1029702970297,140.79409796333167
80.47058823529412,132.12511718290068
62.42330097087379,120.75952648790883
55.78252427184466,108.71268087587762
40.1822695035461,95.25843257870747
60.35294117647059,87.47828115180008
8.551781621171077,77.84791475946174
32.4,65.50829437984136
4.9875,53.53370443930616
41.576470588235296,47.883034666446534
3.2187134502923977,38.9946089817728
38.93228655544652,34.84077881378805
2.467289719626168,28.845177688663284
13.805501743510268,24.64747543582984
11.475977946967708,21.776846280172002
19.824361200694618,17.723988282594405
98.97324083250743,26.76613420372804
73.6,30.88613420372804
82.78811881188119,38.66619608491616
74.42136498516321,41.95068552460895
71.79008746355684,48.80782292593539
1.6689655172413793,45.08149082211488
76.53146853146853,52.48790870329911
84.05946481665015,59.51330501061311
44.723076923076924,62.83801490822403
115.75384615384615,72.43096340353918
43.46524064171123,66.88016338445956
104.29306930693069,69.94947031515264
113.66172106824926,73.03683054078944
89.94700686947988,74.5893947292211
67.72277227722772,74.18266321058819
65.57623762376238,80.57339042124029
128.67326732673268,85.7875703007667
116.48316831683168,89.02994065078487
114.62511457378552,96.02014441585571
130.02772277227723,97.44753207769882
116.71428571428571,104.7724365849563
130.02772277227723,107.34590193149093
156.32475247524752,111.61220507219075
94.20359281437126,112.0378636666799
84.14285714285714,113.67987215324283
10.886378737541529,108.21088626462074
170.41182266009852,112.38474179795733
96.16633663366336,110.35305862964051
71.06493506493507,105.99704067875545
87.26202158979392,101.72047056050712
66.95922330097088,96.74496431917564
80.47058823529412,91.78925086547733
79.68932038834951,84.12570765678753
71.15210991167811,81.82055936651822
43.68862275449102,77.77513592768159
49.237354085603116,81.61023346248776
59.5960396039604,70.52865515687395
31.714851485148515,64.08350664202247
59.5960396039604,62.936617095925
43.40769230769231,58.55118416771484
50.565434565434565,56.9118052941612
39.4995187680462,52.81469834743641
33.23495145631068,48.16926145423253
31.844660194174757,44.2385164824822
34.53203883495146,43.32285809052824
32.50693069306931,41.64981575127486
22.361538461538462,37.926365637032674
22.600583090379008,37.01493879755572
22.667935299714557,33.32212836713113
47.8600583090379,33.76736496726569
31.12166172106825,31.82298768282906
31.183349851337958,30.991370791158232
28.6993006993007,30.53780571545723
31.017821782178217,30.455121874257582
28.023300970873787,29.80424808784981
23.01308411214953,28.85486342975784
20.86558627264061,28.705268210868052
17.554537121906506,28.2006636140208
19.89818181818182,27.923688265867526
0.10244121611502172,23.14792655657524
127.88118811881188,32.82387919634961
496.65534465534466,79.37107867675027
593.6863136863137,135.86977997545156
518.483300589391,184.61632785617286
580.8063872255489,239.89463648164036
541.7542457542457,291.76875264585
568.4126984126984,346.5234638598558
657.2614770459082,410.4941578522559
30.554304837237602,411.5597701541616
389.35361216730035,450.48488724928
596.4195804195804,497.338726479357
583.5369261477045,506.0268846285929
563.3034825870647,502.988601518668
586.8531468531469,509.8255861450436
508.13492063492066,502.5584394859808
413.26211671612265,489.7092265821684
406.93333333333334,473.561290074232
422.05794205794206,450.04093657543535
473.26732673267327,494.312238764979
443.65348399246705,499.7422259474955
687.1658391261171,508.8168518181492
627.0544015825915,513.1685993616379
614.7532467532468,518.3135757782561
683.8841158841159,528.016672681353
534.1218781218781,530.6153684300486
605.986013986014,549.887758157038
587.0126829268293,567.8956931163875
656.5514485514485,591.3450437657382
622.0812685827552,606.2264379507463
633.0930693069307,625.1703964821926
566.7260138476755,613.1264139543484
673.7267326732673,617.7936470634162
654.3856143856144,621.7568838266529
643.3129770992366,617.6997699481649
635.897233201581,627.8773054561352
565.1637764932563,623.7950817068596
610.085914085914,626.102404822768
581.8264150943396,618.6299014770569
400.61923454367025,596.4836980731486
605.986013986014,593.772992541057
577.9202965708989,594.8924208133792
622.3856143856144,589.758308984614
584.1774349083896,582.7374910368915
640.1518481518482,582.4213781421527
567.2531280076997,575.5569676227644
510.34291377601585,570.0748813510405
611.4525474525475,570.2115446877038
551.8881118881119,567.2177143670809
621.018981018981,589.2576890146122
535.0850661625709,582.1675942322678
577.2867132867133,582.1042359038493
573.2777777777778,577.1934522430656
547.7882117882118,573.5545299310478
618.063492063492,571.3456943222121
521.7398058252427,566.7943621039665
590.953046953047,574.8553754216696
580.01998001998,571.7121186784128
514.989010989011,568.0222085885027
601.2854291417166,566.0488534007764
564.3239024390244,568.9727370284215
638.7852147852147,575.1225871782718
545.7185185185185,572.3666612523459
590.953046953047,576.6831447688295
547.2207792207793,569.5988734845581
495.6186693147964,566.9867598335135
567.7202797202797,564.6634831102368
648.3516483516484,571.4966499434037
452.2692307692308,565.2246719214256
627.8531468531469,567.8814436925686
536.0622568093386,565.0552791296001
598.4667988107037,561.0234375321489
611.4555444555444,567.5971401258514
539.5694305694306,562.4587784874899
343.93948412698415,542.1306489781103
496.65534465534466,542.2343165121652
485.72227772227774,534.034516312365
523.063492063492,521.5057006835493
490.0831683168317,525.2870944383094
503.4885114885115,512.850630901846
611.4495504495504,520.3893602658671
520.6624141315015,512.6089217979469
600.5194805194806,511.5153154043404
567.2181647940075,514.2801888267982
577.2897102897103,537.6152114430708
597.0383858267717,547.6535155602135
523.5094715852442,551.4322349465101
554.0539460539461,554.5312803455556
597.25,565.2479635138723
539.5089820359282,568.850010568614
544.4875124875125,562.1538067724102
541.7542457542457,564.2629899346846
473.99000999001,551.6100428817375
588.0159045725646,553.6898168595933
503.4885114885115,546.3096969794735
527.2887112887113,539.3347295256674
552.372646184341,542.221046985577
518.5214785214786,538.6678002323304
490.8266166822868,528.025461900559
566.3536463536464,530.7099283323308
575.92007992008,533.8531850755876
417.39060939060937,521.4168214392239
480.9920634920635,522.1170267894292
512.2557442557443,514.5410107577472
586.2675916749257,522.8189187763887
531.0197628458498,523.1920239321025
581.4206349206349,526.096822805732
524.2176063303659,526.6664355866208
560.0879120879121,533.5925651271831
580.4338308457711,535.0005835763956
555.6769690927218,532.9762724936598
491.75624375624375,540.4128359302233
619.6523476523477,554.2788643462518
545.4291115311909,557.5962010737964
651.0849150849151,564.0779334147953
603.2175648702595,571.2977136172362
664.1679920477137,579.5724493299442
594.2537462537463,586.5760633222822
673.6447105788424,597.9317431713753
586.0539460539461,598.4937546921926
666.8183632734531,609.6078941102658
530.7980295566502,613.5120726903064
640.1518481518482,615.5620227402566
539.9126984126984,615.0103814284073
653.8181818181819,615.283708101734
504.8534322820037,605.4472948429084
537.6543456543457,592.7959302035717
610.085914085914,594.3791469867883
508.15584415584414,577.8302603444886
561.063492063492,575.3312149454432
530.1455445544555,561.6639330735434
510.3306693306693,559.6171970509453
490.38961038961037,544.6409732747215
504.5640516385303,541.1061085973047
515.7882117882118,527.3031115943077
513.054945054945,528.1232628716018
498.70366699702674,524.2281950058699
566.3536463536464,519.8549682326432
508.95504495504497,519.9348883125633
445.90424570912376,508.41896367712644
535.0425321463897,508.9086624363199
484.35564435564436,506.3111599388174
456.1110009910803,502.88329899896434
496.65534465534466,502.0924283006458
455.65634365634367,496.07924148745894
494.2601787487587,494.19976485684026
546.4118226600986,498.97058042314745
549.9403578528827,497.3292515730712
468.5224775224775,493.28599482981446
542.8632309217047,502.98189335107253
301.56888007928643,479.6345281443622
476.15584415584414,478.8145481243822
418.75724275724275,475.0791723009985
475.0921704658077,472.9228548820447
522.6213786213787,479.61935837854816
415.4370664023786,471.7370471439102
401.8790882061447,457.2837736985149
257.4945054945055,428.0391884626771
413.2907092907093,422.5160116395003
460.63492063492066,414.2931806108219
519.3188118811881,436.06817379101193
487.8572844400396,437.23831781943153
400.2274509803922,435.3853386417465
391.39809523809527,427.0159311189753
616.9190809190809,436.4457013487455
541.5262636273538,449.05462107124305
455.65940594059407,454.432652844688
398.9423984891407,468.5774421441515
396.09606147934676,466.8579773630152
383.83396226415095,459.17788152593823
390.85714285714283,446.33171462353374
236.70634920634922,421.2166211001647
332.65934065934067,414.4598100680596
393.35445544554455,414.65544608880447
306.6933066933067,383.63286866622707
237.7942057942058,353.2596628829122
241.1001964636542,331.8037419352182
274.6933066933067,319.37883275563485
235.34920634920636,303.3041472426208
201.35841584158416,285.0565926003641
158.1898101898102,261.7898593336309
187.22877122877122,256.842101535873
218.84638255698712,245.4608057256377
237.7942057942058,229.90478076050385
156.2865554465162,214.86410563582476
282.09390609390607,219.2940756657948
350.14285714285717,230.1983417337151
190.18613861386137,221.74762492577057
254.0392156862745,223.61662585947738
259.6603396603397,229.4468182413529
203.93260654112984,234.02109787648487
271.96003996004,242.49422474961176
235.6796875,244.17755524391305
273.6206554121152,247.76020020570405
377.2857142857143,269.86011608962383
276.6273726273726,269.31346274297044
260.2277722277722,260.321954251462
226.63990461049283,263.96733085112515
290.75024485798235,267.6384337682959
289.06138613861384,270.5785384161233
274.43409316154606,277.6286870781649
266.4935064935065,277.0820337315116
254.76123876123876,278.9901888576355
301.57170923379175,281.7852942398032
340.2917082917083,278.08589364040256
323.2428146679881,282.7474378444641
301.2267732267732,286.84733794436414
342.2257742257742,298.40592490589233
328.9920634920635,302.2301067693005
358.2674650698603,309.1507146624251
346.07142857142856,316.31444820341335
306.6933066933067,320.33442822339333
328.34059405940593,327.6923637532101
347.6471754212091,332.2999103719518
303.96003996004,328.66674353878494
371.72427572427574,333.51488964441376
392.77777777777777,342.66999009951417
412.7185185185185,349.7192645287886
401.7902097902098,356.99907915860325
311.0406342913776,352.276396080755
314.7960396039604,349.1488571840081
393.35445544554455,357.8149720592319
405.09090909090907,365.4900035623823
329.6940594059406,363.6946919608554
332.65934065934067,366.5646220307855
350.7757459095284,364.46976904931074
403.15684315684314,365.50767558721725
330.3492063492063,357.270744370286
404.686626746507,357.56038606591574
441.63492063492066,370.61981470027007
370.9250749250749,376.2327182323815
365.45854145854145,373.4431268336812
344.573673870334,367.3914033116237
469.32267732267735,381.3542651032974
493.1657559198543,397.4049066293488
512.5429141716567,413.58162345556156
644.2517482517483,437.6911139650521
498.5894105894106,454.5151343890725
549.3942403177756,468.9858957461994
427.89620758483034,467.61202444119033
428.06349206349205,473.32586615503203
422.1153081510934,478.99154282428725
469.2828685258964,491.46246228984353
416.380198019802,486.168214359556
470.6893106893107,483.92056983650156
450.07122232916265,477.67340065225216
570.4535464535464,470.29358047243204
533.3914767096135,473.7737870844523
508.0038498556304,469.63474803823783
480.2557442557443,474.87070170532917
502.1218781218781,482.2765403111678
373.7703631010795,477.44204580616645
571.8201798201799,487.69577693559467
